       2        0        0        0 
       0        0        0        0 
       0        2        0        0 
       0        0        0        0 
Score 0, Move 1: down
       0        0        2        0 
       0        0        0        0 
       0        0        0        0 
       2        2        0        0 
Score 0, Move 2: up
       2        2        2        0 
       0        0        0        0 
       0        0        0        0 
       2        0        0        0 
Score 0, Move 3: left
       4        2        0        0 
       0        0        0        0 
       0        0        0        0 
       2        4        0        0 
Score 4, Move 4: up
       4        2        0        0 
       2        4        0        0 
       0        0        0        4 
       0        0        0        0 
Score 4, Move 5: up
       4        2        2        4 
       2        4        0        0 
       0        0        0        0 
       0        0        0        0 
Score 4, Move 6: down
       0        0        0        2 
       0        0        0        0 
       4        2        0        0 
       2        4        2        4 
Score 4, Move 7: left
       2        0        0        0 
       0        0        0        0 
       4        2        2        0 
       2        4        2        4 
Score 4, Move 8: down
       0        0        0        0 
       2        0        0        2 
       4        2        0        0 
       2        4        4        4 
Score 8, Move 9: down
       0        2        0        0 
       2        0        0        0 
       4        2        0        2 
       2        4        4        4 
Score 8, Move 10: down
       0        0        2        0 
       2        0        0        0 
       4        4        0        2 
       2        4        4        4 
Score 12, Move 11: down
       0        0        0        2 
       2        0        0        0 
       4        0        2        2 
       2        8        4        4 
Score 20, Move 12: down
       0        0        0        0 
       2        0        0        4 
       4        0        2        4 
       2        8        4        4 
Score 24, Move 13: down
       0        2        0        0 
       2        0        0        0 
       4        0        2        4 
       2        8        4        8 
Score 32, Move 14: down
       4        0        0        0 
       2        0        0        0 
       4        2        2        4 
       2        8        4        8 
Score 32, Move 15: right
       2        0        0        4 
       0        0        0        2 
       0        4        4        4 
       2        8        4        8 
Score 36, Move 16: right
       0        0        2        4 
       0        2        0        2 
       0        0        4        8 
       2        8        4        8 
Score 44, Move 17: down
       0        0        0        0 
       0        2        0        4 
       0        2        2        2 
       2        8        8       16 
Score 68, Move 18: down
       0        0        0        0 
       0        0        2        4 
       0        4        2        2 
       2        8        8       16 
Score 72, Move 19: right
       0        0        0        0 
       0        0        2        4 
       0        0        4        4 
       2        2       16       16 
Score 92, Move 20: right
       0        0        0        2 
       0        0        2        4 
       0        0        0        8 
       0        0        4       32 
Score 136, Move 21: up
       0        0        2        2 
       0        2        4        4 
       0        0        0        8 
       0        0        0       32 
Score 136, Move 22: up
       0        2        2        2 
       0        0        4        4 
       0        2        0        8 
       0        0        0       32 
Score 136, Move 23: up
       0        4        2        2 
       0        0        4        4 
       0        0        0        8 
       2        0        0       32 
Score 140, Move 24: up
       2        4        2        2 
       0        0        4        4 
       2        0        0        8 
       0        0        0       32 
Score 140, Move 25: down
       0        2        0        2 
       0        0        0        4 
       0        0        2        8 
       4        4        4       32 
Score 144, Move 26: up
       4        2        2        2 
       0        4        4        4 
       2        0        0        8 
       0        0        0       32 
Score 144, Move 27: down
       0        0        0        2 
       2        0        0        4 
       4        2        2        8 
       2        4        4       32 
Score 144, Move 28: right
       0        0        0        2 
       2        0        2        4 
       0        4        4        8 
       0        2        8       32 
Score 156, Move 29: down
       0        2        0        2 
       0        0        2        4 
       0        4        4        8 
       2        2        8       32 
Score 156, Move 30: up
       2        2        2        2 
       2        4        4        4 
       0        2        8        8 
       0        0        0       32 
Score 156, Move 31: up
       4        2        2        2 
       2        4        4        4 
       0        2        8        8 
       0        0        0       32 
Score 160, Move 32: down
       0        0        0        2 
       2        2        2        4 
       4        4        4        8 
       2        2        8       32 
Score 160, Move 33: up
       2        2        2        2 
       4        4        4        4 
       2        2        8        8 
       2        0        0       32 
Score 160, Move 34: up
       2        2        2        2 
       4        4        4        4 
       4        2        8        8 
       2        0        0       32 
Score 164, Move 35: right
       0        0        4        4 
       2        0        8        8 
       0        4        2       16 
       0        0        2       32 
Score 204, Move 36: down
       0        0        0        4 
       0        0        4        8 
       2        0        8       16 
       2        4        4       32 
Score 208, Move 37: up
       4        4        4        4 
       0        0        8        8 
       0        0        4       16 
       2        0        0       32 
Score 212, Move 38: up
       4        4        4        4 
       2        0        8        8 
       4        0        4       16 
       0        0        0       32 
Score 212, Move 39: down
       0        0        0        4 
       4        2        4        8 
       2        0        8       16 
       4        4        4       32 
Score 212, Move 40: down
       0        0        0        4 
       4        2        4        8 
       2        2        8       16 
       4        4        4       32 
Score 212, Move 41: down
       4        0        0        4 
       4        0        4        8 
       2        4        8       16 
       4        4        4       32 
Score 216, Move 42: right
       0        0        0        8 
       0        0        8        8 
       2        4        8       16 
       2        4        8       32 
Score 240, Move 43: right
       0        0        0        8 
       0        2        0       16 
       2        4        8       16 
       2        4        8       32 
Score 256, Move 44: right
       0        0        0        8 
       0        2        2       16 
       2        4        8       16 
       2        4        8       32 
Score 256, Move 45: right
       0        0        0        8 
       2        0        4       16 
       2        4        8       16 
       2        4        8       32 
Score 260, Move 46: right
       0        2        0        8 
       0        2        4       16 
       2        4        8       16 
       2        4        8       32 
Score 260, Move 47: right
       0        0        2        8 
       2        2        4       16 
       2        4        8       16 
       2        4        8       32 
Score 260, Move 48: right
       0        0        2        8 
       2        4        4       16 
       2        4        8       16 
       2        4        8       32 
Score 264, Move 49: right
       4        0        2        8 
       0        2        8       16 
       2        4        8       16 
       2        4        8       32 
Score 272, Move 50: right
       4        4        2        8 
       0        2        8       16 
       2        4        8       16 
       2        4        8       32 
Score 272, Move 51: down
       0        0        0        0 
       2        4        2        8 
       4        2        8       32 
       4        8       16       32 
Score 332, Move 52: down
       0        0        0        0 
       0        4        2        2 
       2        2        8        8 
       8        8       16       64 
Score 404, Move 53: right
       0        0        0        0 
       2        0        4        4 
       0        0        4       16 
       0       16       16       64 
Score 444, Move 54: down
       0        0        0        4 
       0        0        0        4 
       0        0        8       16 
       2       16       16       64 
Score 452, Move 55: up
       2       16        8        8 
       2        0       16       16 
       0        0        0       64 
       0        0        0        0 
Score 460, Move 56: right
       0        2       16       16 
       0        0        2       32 
       0        0        0       64 
       0        0        0        2 
Score 508, Move 57: right
       0        0        2       32 
       0        0        2       32 
       0        0        0       64 
       0        2        0        2 
Score 540, Move 58: right
       0        0        2       32 
       0        0        2       32 
       2        0        0       64 
       0        0        0        4 
Score 544, Move 59: up
       2        2        4       64 
       0        0        0       64 
       0        0        0        4 
       0        0        0        0 
Score 612, Move 60: up
       2        2        4      128 
       0        0        0        4 
       0        0        0        0 
       0        0        2        0 
Score 740, Move 61: up
       2        2        4      128 
       0        0        2        4 
       0        0        2        0 
       0        0        0        0 
Score 740, Move 62: right
       0        4        4      128 
       0        0        2        4 
       0        0        2        2 
       0        0        0        0 
Score 744, Move 63: up
       0        4        4      128 
       0        0        4        4 
       0        0        2        2 
       0        0        0        0 
Score 748, Move 64: up
       0        4        8      128 
       0        0        2        4 
       0        0        0        2 
       0        2        0        0 
Score 756, Move 65: up
       0        4        8      128 
       0        2        2        4 
       0        0        0        2 
       0        4        0        0 
Score 756, Move 66: up
       0        4        8      128 
       0        2        2        4 
       0        4        0        2 
       0        0        0        2 
Score 756, Move 67: up
       0        4        8      128 
       2        2        2        4 
       0        4        0        4 
       0        0        0        0 
Score 760, Move 68: up
       2        4        8      128 
       0        2        2        8 
       0        4        0        0 
       0        0        2        0 
Score 768, Move 69: up
       2        4        8      128 
       0        2        4        8 
       2        4        0        0 
       0        0        0        0 
Score 772, Move 70: left
       2        4        8      128 
       2        4        8        0 
       2        4        0        4 
       0        0        0        0 
Score 772, Move 71: left
       2        4        8      128 
       2        4        8        0 
       2        8        0        2 
       0        0        0        0 
Score 780, Move 72: up
       4        8       16      128 
       2        8        0        2 
       0        0        0        0 
       2        0        0        0 
Score 808, Move 73: right
       4        8       16      128 
       0        2        8        2 
       0        2        0        0 
       0        0        0        2 
Score 808, Move 74: left
       4        8       16      128 
       2        8        2        2 
       2        0        0        0 
       2        0        0        0 
Score 808, Move 75: left
       4        8       16      128 
       2        8        4        2 
       2        0        0        0 
       2        0        0        0 
Score 812, Move 76: right
       4        8       16      128 
       2        8        4        2 
       0        0        0        2 
       0        0        2        2 
Score 812, Move 77: right
       4        8       16      128 
       2        8        4        2 
       0        0        0        2 
       0        2        0        4 
Score 816, Move 78: right
       4        8       16      128 
       2        8        4        2 
       2        0        0        2 
       0        0        2        4 
Score 816, Move 79: left
       4        8       16      128 
       2        8        4        2 
       4        2        0        0 
       2        4        0        0 
Score 820, Move 80: right
       4        8       16      128 
       2        8        4        2 
       0        0        4        2 
       2        0        2        4 
Score 820, Move 81: right
       4        8       16      128 
       2        8        4        2 
       0        2        4        2 
       0        0        4        4 
Score 824, Move 82: left
       4        8       16      128 
       2        8        4        2 
       2        4        2        0 
       8        0        0        2 
Score 832, Move 83: left
       4        8       16      128 
       2        8        4        2 
       2        4        2        0 
       8        2        2        0 
Score 832, Move 84: left
       4        8       16      128 
       2        8        4        2 
       2        4        2        0 
       8        4        2        0 
Score 836, Move 85: right
       4        8       16      128 
       2        8        4        2 
       2        2        4        2 
       0        8        4        2 
Score 836, Move 86: right
       4        8       16      128 
       2        8        4        2 
       4        4        4        2 
       0        8        4        2 
Score 840, Move 87: up
       4       16       16      128 
       2        4        8        4 
       4        8        4        2 
       0        2        0        0 
Score 868, Move 88: right
       0        4       32      128 
       2        4        8        4 
       4        8        4        2 
       0        0        2        2 
Score 900, Move 89: up
       2        8       32      128 
       4        8        8        4 
       0        0        4        4 
       0        0        2        2 
Score 912, Move 90: up
       2       16       32      128 
       4        2        8        8 
       0        0        4        2 
       0        0        2        0 
Score 936, Move 91: right
       2       16       32      128 
       0        4        2       16 
       0        0        4        2 
       0        2        0        2 
Score 952, Move 92: up
       2       16       32      128 
       2        4        2       16 
       0        2        4        4 
       0        0        0        0 
Score 956, Move 93: up
       4       16       32      128 
       0        4        2       16 
       0        2        4        4 
       0        0        2        0 
Score 960, Move 94: right
       4       16       32      128 
       0        4        2       16 
       0        2        2        8 
       0        0        0        2 
Score 968, Move 95: up
       4       16       32      128 
       2        4        4       16 
       0        2        0        8 
       0        0        0        2 
Score 972, Move 96: left
       4       16       32      128 
       2        8       16        0 
       2        8        0        0 
       2        2        0        0 
Score 980, Move 97: left
       4       16       32      128 
       2        8       16        0 
       2        8        2        0 
       4        0        0        0 
Score 984, Move 98: right
       4       16       32      128 
       2        2        8       16 
       0        2        8        2 
       0        0        0        4 
Score 984, Move 99: right
       4       16       32      128 
       2        4        8       16 
       0        2        8        2 
       0        0        0        4 
Score 988, Move 100: left
       4       16       32      128 
       2        4        8       16 
       2        8        2        0 
       4        0        2        0 
Score 988, Move 101: left
       4       16       32      128 
       2        4        8       16 
       2        8        2        0 
       4        2        2        0 
Score 988, Move 102: left
       4       16       32      128 
       2        4        8       16 
       2        8        2        2 
       4        4        0        0 
Score 992, Move 103: left
       4       16       32      128 
       2        4        8       16 
       2        8        4        0 
       8        2        0        0 
Score 1004, Move 104: up
       4       16       32      128 
       4        4        8       16 
       8        8        4        0 
       0        2        0        2 
Score 1008, Move 105: up
       8       16       32      128 
       8        4        8       16 
       2        8        4        2 
       0        2        0        0 
Score 1016, Move 106: right
       8       16       32      128 
       8        4        8       16 
       2        8        4        2 
       0        0        2        2 
Score 1016, Move 107: left
       8       16       32      128 
       8        4        8       16 
       2        8        4        2 
       4        2        0        0 
Score 1020, Move 108: right
       8       16       32      128 
       8        4        8       16 
       2        8        4        2 
       2        0        4        2 
Score 1020, Move 109: right
       8       16       32      128 
       8        4        8       16 
       2        8        4        2 
       2        2        4        2 
Score 1020, Move 110: right
       8       16       32      128 
       8        4        8       16 
       2        8        4        2 
       2        4        4        2 
Score 1024, Move 111: right
       8       16       32      128 
       8        4        8       16 
       2        8        4        2 
       2        2        8        2 
Score 1032, Move 112: right
       8       16       32      128 
       8        4        8       16 
       2        8        4        2 
       2        4        8        2 
Score 1036, Move 113: up
      16       16       32      128 
       4        4        8       16 
       0        8        4        4 
       0        4        8        2 
Score 1060, Move 114: right
       0       32       32      128 
       2        8        8       16 
       0        0        8        8 
       0        4        8        2 
Score 1108, Move 115: up
       2       32       32      128 
       0        8       16       16 
       0        4        8        8 
       0        2        0        2 
Score 1124, Move 116: right
       0        2       64      128 
       0        0        8       32 
       0        0        4       16 
       2        0        0        4 
Score 1240, Move 117: right
       0        2       64      128 
       0        0        8       32 
       0        2        4       16 
       0        0        2        4 
Score 1240, Move 118: up
       0        4       64      128 
       0        0        8       32 
       2        0        4       16 
       0        0        2        4 
Score 1244, Move 119: up
       2        4       64      128 
       4        0        8       32 
       0        0        4       16 
       0        0        2        4 
Score 1244, Move 120: down
       0        2       64      128 
       0        0        8       32 
       2        0        4       16 
       4        4        2        4 
Score 1244, Move 121: up
       2        2       64      128 
       4        4        8       32 
       2        0        4       16 
       0        0        2        4 
Score 1244, Move 122: down
       0        0       64      128 
       2        2        8       32 
       4        2        4       16 
       2        4        2        4 
Score 1244, Move 123: up
       2        4       64      128 
       4        4        8       32 
       2        0        4       16 
       0        2        2        4 
Score 1248, Move 124: up
       2        8       64      128 
       4        2        8       32 
       2        0        4       16 
       2        0        2        4 
Score 1256, Move 125: right
       2        8       64      128 
       4        2        8       32 
       2        2        4       16 
       0        0        4        4 
Score 1260, Move 126: down
       0        0        2      128 
       2        0       64       32 
       4        8        8       16 
       2        4        8        4 
Score 1272, Move 127: right
       0        2        2      128 
       0        2       64       32 
       0        4       16       16 
       2        4        8        4 
Score 1288, Move 128: right
       0        0        4      128 
       0        2       64       32 
       0        4        4       32 
       2        4        8        4 
Score 1324, Move 129: up
       2        2        4      128 
       0        8       64       64 
       0        0        4        4 
       0        0        8        2 
Score 1396, Move 130: right
       0        4        4      128 
       0        0        8      128 
       2        0        0        8 
       0        0        8        2 
Score 1536, Move 131: right
       0        2        8      128 
       0        0        8      128 
       0        0        2        8 
       0        0        8        2 
Score 1544, Move 132: up
       0        2       16      256 
       0        2        2        8 
       0        0        8        2 
       0        0        0        0 
Score 1816, Move 133: up
       0        4       16      256 
       0        2        2        8 
       0        0        8        2 
       0        0        0        0 
Score 1820, Move 134: right
       0        4       16      256 
       0        2        4        8 
       0        0        8        2 
       0        0        0        0 
Score 1824, Move 135: left
       4       16      256        0 
       2        4        8        0 
       8        2        0        0 
       0        0        2        0 
Score 1824, Move 136: right
       2        4       16      256 
       0        2        4        8 
       0        0        8        2 
       0        0        0        2 
Score 1824, Move 137: left
       2        4       16      256 
       2        4        8        0 
       8        2        0        2 
       2        0        0        0 
Score 1824, Move 138: right
       2        4       16      256 
       0        2        4        8 
       0        0        8        4 
       0        2        0        2 
Score 1828, Move 139: right
       2        4       16      256 
       0        2        4        8 
       0        0        8        4 
       0        2        0        4 
Score 1832, Move 140: left
       2        4       16      256 
       2        4        8        0 
       8        4        0        0 
       2        4        0        2 
Score 1832, Move 141: left
       2        4       16      256 
       2        4        8        0 
       8        4        2        0 
       2        4        2        0 
Score 1832, Move 142: right
       2        4       16      256 
       0        2        4        8 
       0        8        4        2 
       2        2        4        2 
Score 1832, Move 143: up
       4        4       16      256 
       0        2        8        8 
       0        8        4        4 
       0        2        0        2 
Score 1848, Move 144: right
       0        8       16      256 
       0        0        2       16 
       0        0        8        8 
       0        2        0        4 
Score 1884, Move 145: up
       0        8       16      256 
       2        2        2       16 
       0        0        8        8 
       0        0        0        4 
Score 1884, Move 146: up
       2        8       16      256 
       2        2        2       16 
       0        0        8        8 
       0        0        0        4 
Score 1884, Move 147: up
       4        8       16      256 
       0        2        2       16 
       0        0        8        8 
       0        0        2        4 
Score 1888, Move 148: down
       0        0       16      256 
       0        2        2       16 
       0        8        8        8 
       4        2        2        4 
Score 1888, Move 149: right
       0        2       16      256 
       0        0        4       16 
       0        0        8       16 
       0        4        4        4 
Score 1912, Move 150: up
       2        2       16      256 
       0        4        4       32 
       0        0        8        4 
       0        0        4        0 
Score 1944, Move 151: right
       0        4       16      256 
       0        0        8       32 
       2        0        8        4 
       0        0        0        4 
Score 1956, Move 152: up
       2        4       16      256 
       0        0       16       32 
       0        0        0        8 
       0        0        0        2 
Score 1980, Move 153: down
       0        0        0      256 
       0        0        2       32 
       0        0        0        8 
       2        4       32        2 
Score 2012, Move 154: up
       2        4        2      256 
       0        0       32       32 
       0        0        0        8 
       0        2        0        2 
Score 2012, Move 155: right
       2        4        2      256 
       0        0        0       64 
       0        0        0        8 
       2        0        0        4 
Score 2080, Move 156: right
       2        4        2      256 
       0        2        0       64 
       0        0        0        8 
       0        0        2        4 
Score 2080, Move 157: right
       2        4        2      256 
       0        0        2       64 
       0        0        0        8 
       0        2        2        4 
Score 2080, Move 158: right
       2        4        2      256 
       0        0        2       64 
       2        0        0        8 
       0        0        4        4 
Score 2084, Move 159: up
       4        4        4      256 
       2        0        4       64 
       0        0        0        8 
       0        0        0        4 
Score 2092, Move 160: right
       0        4        8      256 
       0        2        4       64 
       0        0        0        8 
       2        0        0        4 
Score 2100, Move 161: right
       0        4        8      256 
       0        2        4       64 
       0        0        0        8 
       0        2        2        4 
Score 2100, Move 162: right
       0        4        8      256 
       2        2        4       64 
       0        0        0        8 
       0        0        4        4 
Score 2104, Move 163: up
       2        4        8      256 
       0        2        8       64 
       0        0        0        8 
       0        2        0        4 
Score 2112, Move 164: right
       2        4        8      256 
       0        2        8       64 
       0        2        0        8 
       0        0        2        4 
Score 2112, Move 165: right
       2        4        8      256 
       0        2        8       64 
       0        0        2        8 
       0        2        2        4 
Score 2112, Move 166: right
       2        4        8      256 
       0        2        8       64 
       0        0        2        8 
       4        0        4        4 
Score 2116, Move 167: up
       2        4       16      256 
       4        2        2       64 
       0        2        4        8 
       0        0        0        4 
Score 2132, Move 168: right
       2        4       16      256 
       0        4        4       64 
       0        2        4        8 
       2        0        0        4 
Score 2136, Move 169: right
       2        4       16      256 
       0        0        8       64 
       2        2        4        8 
       0        0        2        4 
Score 2144, Move 170: up
       4        4       16      256 
       0        2        8       64 
       0        0        4        8 
       2        0        2        4 
Score 2148, Move 171: down
       0        0       16      256 
       2        0        8       64 
       4        4        4        8 
       2        2        2        4 
Score 2148, Move 172: up
       2        4       16      256 
       4        2        8       64 
       2        0        4        8 
       0        2        2        4 
Score 2148, Move 173: down
       0        0       16      256 
       2        2        8       64 
       4        4        4        8 
       2        4        2        4 
Score 2152, Move 174: down
       4        0       16      256 
       2        0        8       64 
       4        2        4        8 
       2        8        2        4 
Score 2160, Move 175: right
       0        4       16      256 
       2        2        8       64 
       4        2        4        8 
       2        8        2        4 
Score 2160, Move 176: up
       2        4       16      256 
       4        4        8       64 
       2        8        4        8 
       2        0        2        4 
Score 2164, Move 177: up
       2        8       16      256 
       4        8        8       64 
       4        0        4        8 
       2        0        2        4 
Score 2176, Move 178: right
       2        8       16      256 
       0        4       16       64 
       0        2        8        8 
       0        0        4        4 
Score 2204, Move 179: up
       2        8       32      256 
       2        4        8       64 
       0        2        4        8 
       0        0        0        4 
Score 2236, Move 180: up
       4        8       32      256 
       0        4        8       64 
       0        2        4        8 
       0        0        2        4 
Score 2240, Move 181: down
       0        2       32      256 
       0        8        8       64 
       0        4        4        8 
       4        2        2        4 
Score 2240, Move 182: up
       4        2       32      256 
       0        8        8       64 
       0        4        4        8 
       2        2        2        4 
Score 2240, Move 183: right
       4        2       32      256 
       0        0       16       64 
       0        2        8        8 
       0        2        4        4 
Score 2268, Move 184: up
       4        4       32      256 
       0        2       16       64 
       0        2        8        8 
       0        0        4        4 
Score 2272, Move 185: up
       4        4       32      256 
       0        4       16       64 
       0        0        8        8 
       2        0        4        4 
Score 2276, Move 186: up
       4        8       32      256 
       2        2       16       64 
       0        0        8        8 
       0        0        4        4 
Score 2284, Move 187: down
       0        0       32      256 
       0        2       16       64 
       4        8        8        8 
       2        2        4        4 
Score 2284, Move 188: right
       0        0       32      256 
       0        2       16       64 
       2        4        8       16 
       0        0        4        8 
Score 2312, Move 189: up
       2        2       32      256 
       0        4       16       64 
       2        0        8       16 
       0        0        4        8 
Score 2312, Move 190: right
       0        4       32      256 
       2        4       16       64 
       0        2        8       16 
       0        0        4        8 
Score 2316, Move 191: down
       0        0       32      256 
       0        0       16       64 
       2        8        8       16 
       2        2        4        8 
Score 2324, Move 192: down
       0        0       32      256 
       0        0       16       64 
       4        8        8       16 
       4        2        4        8 
Score 2328, Move 193: right
       0        0       32      256 
       2        0       16       64 
       0        4       16       16 
       4        2        4        8 
Score 2344, Move 194: down
       0        0        2      256 
       0        0       32       64 
       2        4       32       16 
       4        2        4        8 
Score 2376, Move 195: up
       2        4        2      256 
       4        2       64       64 
       0        0        4       16 
       2        0        0        8 
Score 2440, Move 196: right
       2        4        2      256 
       0        4        2      128 
       2        0        4       16 
       0        0        2        8 
Score 2568, Move 197: right
       2        4        2      256 
       0        4        2      128 
       2        2        4       16 
       0        0        2        8 
Score 2568, Move 198: up
       4        8        4      256 
       0        2        4      128 
       0        0        2       16 
       0        2        0        8 
Score 2584, Move 199: right
       4        8        4      256 
       0        2        4      128 
       0        0        2       16 
       0        2        2        8 
Score 2584, Move 200: down
       0        0        0      256 
       0        0        2      128 
       0        8        8       16 
       4        4        4        8 
Score 2600, Move 201: right
       0        0        0      256 
       0        0        2      128 
       0        0       16       16 
       2        4        8        8 
Score 2624, Move 202: right
       0        0        0      256 
       0        0        2      128 
       2        0        0       32 
       0        2        4       16 
Score 2672, Move 203: up
       2        2        2      256 
       0        0        4      128 
       0        0        4       32 
       0        0        0       16 
Score 2672, Move 204: right
       0        2        4      256 
       0        0        4      128 
       0        2        4       32 
       0        0        0       16 
Score 2676, Move 205: down
       0        0        0      256 
       0        0        0      128 
       2        0        4       32 
       0        4        8       16 
Score 2688, Move 206: down
       0        2        0      256 
       0        0        0      128 
       0        0        4       32 
       2        4        8       16 
Score 2688, Move 207: down
       0        0        0      256 
       0        2        0      128 
       0        2        4       32 
       2        4        8       16 
Score 2688, Move 208: right
       0        0        0      256 
       0        0        2      128 
       2        2        4       32 
       2        4        8       16 
Score 2688, Move 209: down
       0        0        0      256 
       0        0        2      128 
       2        2        4       32 
       4        4        8       16 
Score 2692, Move 210: up
       2        2        2      256 
       4        4        4      128 
       0        2        8       32 
       0        0        0       16 
Score 2692, Move 211: down
       2        0        0      256 
       0        2        2      128 
       2        4        4       32 
       4        2        8       16 
Score 2692, Move 212: right
       2        0        2      256 
       0        0        4      128 
       0        2        8       32 
       4        2        8       16 
Score 2704, Move 213: down
       2        0        0      256 
       0        0        2      128 
       2        0        4       32 
       4        4       16       16 
Score 2724, Move 214: right
       0        0        2      256 
       2        0        2      128 
       0        2        4       32 
       0        0        8       32 
Score 2764, Move 215: up
       2        2        4      256 
       0        0        4      128 
       2        0        8       64 
       0        0        0        0 
Score 2832, Move 216: right
       0        4        4      256 
       2        0        4      128 
       0        2        8       64 
       0        0        0        0 
Score 2836, Move 217: right
       0        2        8      256 
       0        2        4      128 
       0        2        8       64 
       0        0        0        0 
Score 2844, Move 218: up
       0        4        8      256 
       2        2        4      128 
       0        0        8       64 
       0        0        0        0 
Score 2848, Move 219: up
       2        4        8      256 
       0        2        4      128 
       0        0        8       64 
       2        0        0        0 
Score 2848, Move 220: right
       2        4        8      256 
       2        2        4      128 
       0        0        8       64 
       0        0        0        2 
Score 2848, Move 221: up
       4        4        8      256 
       0        2        4      128 
       0        0        8       64 
       0        2        0        2 
Score 2852, Move 222: up
       4        4        8      256 
       2        4        4      128 
       0        0        8       64 
       0        0        0        2 
Score 2856, Move 223: up
       4        8        8      256 
       2        0        4      128 
       2        0        8       64 
       0        0        0        2 
Score 2864, Move 224: right
       0        4       16      256 
       0        2        4      128 
       0        2        8       64 
       0        2        0        2 
Score 2880, Move 225: right
       0        4       16      256 
       0        2        4      128 
       2        2        8       64 
       0        0        0        4 
Score 2884, Move 226: up
       2        4       16      256 
       2        4        4      128 
       0        0        8       64 
       0        0        0        4 
Score 2888, Move 227: right
       2        4       16      256 
       0        2        8      128 
       0        0        8       64 
       4        0        0        4 
Score 2896, Move 228: up
       2        4       16      256 
       4        2       16      128 
       0        0        0       64 
       0        0        2        4 
Score 2912, Move 229: up
       2        4       32      256 
       4        2        2      128 
       0        0        2       64 
       0        0        0        4 
Score 2944, Move 230: right
       2        4       32      256 
       0        4        4      128 
       0        2        2       64 
       0        0        0        4 
Score 2948, Move 231: right
       2        4       32      256 
       2        0        8      128 
       0        0        4       64 
       0        0        0        4 
Score 2960, Move 232: right
       2        4       32      256 
       0        2        8      128 
       2        0        4       64 
       0        0        0        4 
Score 2960, Move 233: right
       2        4       32      256 
       0        2        8      128 
       0        2        4       64 
       0        2        0        4 
Score 2960, Move 234: right
       2        4       32      256 
       0        2        8      128 
       2        2        4       64 
       0        0        2        4 
Score 2960, Move 235: up
       4        4       32      256 
       2        4        8      128 
       0        0        4       64 
       0        0        2        4 
Score 2968, Move 236: right
       0        8       32      256 
       2        4        8      128 
       2        0        4       64 
       0        0        2        4 
Score 2976, Move 237: right
       2        8       32      256 
       2        4        8      128 
       0        2        4       64 
       0        0        2        4 
Score 2976, Move 238: down
       0        0       32      256 
       0        8        8      128 
       2        4        4       64 
       4        2        2        4 
Score 2980, Move 239: right
       2        0       32      256 
       0        0       16      128 
       0        2        8       64 
       0        4        4        4 
Score 3008, Move 240: down
       2        0       32      256 
       0        0       16      128 
       0        2        8       64 
       2        4        4        4 
Score 3008, Move 241: down
       2        0       32      256 
       0        0       16      128 
       0        2        8       64 
       4        4        4        4 
Score 3012, Move 242: right
       0        2       32      256 
       2        0       16      128 
       0        2        8       64 
       0        0        8        8 
Score 3028, Move 243: up
       2        4       32      256 
       0        0       16      128 
       0        0       16       64 
       0        0        2        8 
Score 3048, Move 244: down
       0        0        0      256 
       4        0       32      128 
       0        0       32       64 
       2        4        2        8 
Score 3080, Move 245: down
       0        0        2      256 
       0        0        0      128 
       4        0       64       64 
       2        4        2        8 
Score 3144, Move 246: right
       2        0        2      256 
       0        0        0      128 
       0        0        4      128 
       2        4        2        8 
Score 3272, Move 247: right
       0        0        4      256 
       0        2        0      128 
       0        0        4      128 
       2        4        2        8 
Score 3276, Move 248: up
       2        2        8      256 
       0        4        2      256 
       2        0        0        8 
       0        0        0        0 
Score 3540, Move 249: right
       0        4        8      256 
       0        4        2      256 
       2        0        2        8 
       0        0        0        0 
Score 3544, Move 250: right
       2        4        8      256 
       0        4        2      256 
       0        0        4        8 
       0        0        0        0 
Score 3548, Move 251: up
       2        8        8      512 
       0        2        2        8 
       0        0        4        0 
       0        0        0        0 
Score 4068, Move 252: right
       0        2       16      512 
       0        2        4        8 
       0        0        0        4 
       0        0        0        0 
Score 4088, Move 253: up
       0        4       16      512 
       0        0        4        8 
       0        0        0        4 
       2        0        0        0 
Score 4092, Move 254: up
       2        4       16      512 
       2        0        4        8 
       0        0        0        4 
       0        0        0        0 
Score 4092, Move 255: left
       2        4       16      512 
       2        4        8        0 
       4        0        0        0 
       2        0        0        0 
Score 4092, Move 256: right
       2        4       16      512 
       2        2        4        8 
       0        0        0        4 
       0        0        0        2 
Score 4092, Move 257: up
       4        4       16      512 
       0        2        4        8 
       0        0        0        4 
       0        0        2        2 
Score 4096, Move 258: up
       4        4       16      512 
       0        2        4        8 
       0        0        2        4 
       0        2        0        2 
Score 4096, Move 259: up
       4        4       16      512 
       0        4        4        8 
       0        0        2        4 
       0        2        0        2 
Score 4100, Move 260: up
       4        8       16      512 
       0        2        4        8 
       2        0        2        4 
       0        0        0        2 
Score 4108, Move 261: up
       4        8       16      512 
       2        2        4        8 
       0        0        2        4 
       0        0        2        2 
Score 4108, Move 262: up
       4        8       16      512 
       2        2        4        8 
       0        0        4        4 
       0        2        0        2 
Score 4112, Move 263: up
       4        8       16      512 
       2        4        8        8 
       0        0        0        4 
       0        0        2        2 
Score 4124, Move 264: up
       4        8       16      512 
       2        4        8        8 
       0        0        2        4 
       2        0        0        2 
Score 4124, Move 265: up
       4        8       16      512 
       4        4        8        8 
       0        0        2        4 
       0        0        2        2 
Score 4128, Move 266: up
       8        8       16      512 
       0        4        8        8 
       2        0        4        4 
       0        0        0        2 
Score 4140, Move 267: up
       8        8       16      512 
       2        4        8        8 
       0        0        4        4 
       0        0        2        2 
Score 4140, Move 268: down
       0        2       16      512 
       0        0        8        8 
       8        8        4        4 
       2        4        2        2 
Score 4140, Move 269: up
       8        2       16      512 
       2        8        8        8 
       0        4        4        4 
       0        2        2        2 
Score 4140, Move 270: down
       0        2       16      512 
       2        8        8        8 
       8        4        4        4 
       2        2        2        2 
Score 4140, Move 271: up
       2        2       16      512 
       8        8        8        8 
       2        4        4        4 
       2        2        2        2 
Score 4140, Move 272: down
       2        2       16      512 
       2        8        8        8 
       8        4        4        4 
       4        2        2        2 
Score 4144, Move 273: down
       2        2       16      512 
       4        8        8        8 
       8        4        4        4 
       4        2        2        2 
Score 4148, Move 274: right
       2        4       16      512 
       0        4        8       16 
       0        8        4        8 
       0        4        2        4 
Score 4180, Move 275: up
       2        8       16      512 
       0        8        8       16 
       2        4        4        8 
       0        0        2        4 
Score 4188, Move 276: up
       4       16       16      512 
       0        4        8       16 
       0        0        4        8 
       0        2        2        4 
Score 4208, Move 277: up
       4       16       16      512 
       2        4        8       16 
       0        2        4        8 
       0        0        2        4 
Score 4208, Move 278: right
       0        4       32      512 
       2        4        8       16 
       4        2        4        8 
       0        0        2        4 
Score 4240, Move 279: up
       2        8       32      512 
       4        2        8       16 
       0        0        4        8 
       2        0        2        4 
Score 4248, Move 280: up
       2        8       32      512 
       4        2        8       16 
       2        2        4        8 
       0        0        2        4 
Score 4248, Move 281: down
       0        0       32      512 
       2        4        8       16 
       4        8        4        8 
       2        4        2        4 
Score 4252, Move 282: up
       2        4       32      512 
       4        8        8       16 
       2        4        4        8 
       0        2        2        4 
Score 4252, Move 283: down
       2        4       32      512 
       2        8        8       16 
       4        4        4        8 
       2        2        2        4 
Score 4252, Move 284: down
       2        4       32      512 
       4        8        8       16 
       4        4        4        8 
       2        2        2        4 
Score 4256, Move 285: right
       2        4       32      512 
       2        4       16       16 
       0        4        8        8 
       0        2        4        4 
Score 4284, Move 286: up
       4        8       32      512 
       0        4       16       16 
       0        2        8        8 
       0        2        4        4 
Score 4296, Move 287: up
       4        8       32      512 
       0        4       16       16 
       2        4        8        8 
       0        0        4        4 
Score 4300, Move 288: up
       4        8       32      512 
       2        8       16       16 
       0        0        8        8 
       2        0        4        4 
Score 4308, Move 289: right
       4        8       32      512 
       0        2        8       32 
       0        0        0       16 
       0        2        2        8 
Score 4364, Move 290: right
       4        8       32      512 
       2        2        8       32 
       0        0        0       16 
       0        0        4        8 
Score 4368, Move 291: down
       0        2        0      512 
       0        0       32       32 
       4        8        8       16 
       2        2        4        8 
Score 4368, Move 292: down
       0        2        0      512 
       0        2       32       32 
       4        8        8       16 
       2        2        4        8 
Score 4368, Move 293: down
       0        0        2      512 
       0        4       32       32 
       4        8        8       16 
       2        2        4        8 
Score 4372, Move 294: up
       4        4        2      512 
       2        8       32       32 
       0        2        8       16 
       0        2        4        8 
Score 4372, Move 295: up
       4        4        2      512 
       2        8       32       32 
       0        4        8       16 
       0        2        4        8 
Score 4376, Move 296: right
       0        8        2      512 
       2        2        8       64 
       0        4        8       16 
       0        2        4        8 
Score 4448, Move 297: down
       0        8        0      512 
       2        2        2       64 
       0        4       16       16 
       2        2        4        8 
Score 4464, Move 298: down
       0        8        4      512 
       0        2        2       64 
       0        4       16       16 
       4        2        4        8 
Score 4468, Move 299: up
       4        8        4      512 
       0        2        2       64 
       2        4       16       16 
       0        2        4        8 
Score 4468, Move 300: down
       2        8        4      512 
       0        2        2       64 
       4        4       16       16 
       2        2        4        8 
Score 4468, Move 301: down
       2        8        4      512 
       2        2        2       64 
       4        4       16       16 
       2        2        4        8 
Score 4468, Move 302: right
       2        8        4      512 
       0        2        4       64 
       0        2        8       32 
       0        4        4        8 
Score 4516, Move 303: up
       2        8        8      512 
       2        4        8       64 
       0        4        4       32 
       0        0        0        8 
Score 4528, Move 304: right
       0        2       16      512 
       2        4        8       64 
       0        4        8       32 
       0        0        0        8 
Score 4552, Move 305: up
       2        2       16      512 
       0        8       16       64 
       0        0        0       32 
       0        2        0        8 
Score 4576, Move 306: up
       2        2       32      512 
       0        8        0       64 
       0        2        0       32 
       2        0        0        8 
Score 4608, Move 307: up
       4        2       32      512 
       0        8        0       64 
       0        2        0       32 
       0        2        0        8 
Score 4612, Move 308: up
       4        2       32      512 
       2        8        0       64 
       0        4        0       32 
       0        0        0        8 
Score 4616, Move 309: right
       4        2       32      512 
       0        2        8       64 
       0        2        4       32 
       0        0        0        8 
Score 4616, Move 310: up
       4        4       32      512 
       0        2        8       64 
       0        0        4       32 
       0        2        0        8 
Score 4620, Move 311: right
       0        8       32      512 
       2        2        8       64 
       0        0        4       32 
       0        0        2        8 
Score 4628, Move 312: up
       2        8       32      512 
       0        2        8       64 
       0        0        4       32 
       2        0        2        8 
Score 4628, Move 313: up
       4        8       32      512 
       0        2        8       64 
       0        0        4       32 
       2        0        2        8 
Score 4632, Move 314: up
       4        8       32      512 
       2        2        8       64 
       0        0        4       32 
       0        2        2        8 
Score 4632, Move 315: up
       4        8       32      512 
       2        4        8       64 
       0        2        4       32 
       0        0        2        8 
Score 4636, Move 316: down
       0        0       32      512 
       2        8        8       64 
       4        4        4       32 
       2        2        2        8 
Score 4636, Move 317: up
       2        8       32      512 
       4        4        8       64 
       2        2        4       32 
       0        2        2        8 
Score 4636, Move 318: right
       2        8       32      512 
       0        8        8       64 
       0        4        4       32 
       0        2        4        8 
Score 4652, Move 319: right
       2        8       32      512 
       0        0       16       64 
       0        2        8       32 
       0        2        4        8 
Score 4676, Move 320: down
       2        0       32      512 
       0        0       16       64 
       0        8        8       32 
       2        4        4        8 
Score 4680, Move 321: right
       0        2       32      512 
       0        0       16       64 
       0        0       16       32 
       2        2        8        8 
Score 4704, Move 322: up
       2        4       32      512 
       0        0       32       64 
       0        0        8       32 
       0        2        0        8 
Score 4740, Move 323: right
       2        4       32      512 
       0        0       32       64 
       0        4        8       32 
       0        0        2        8 
Score 4740, Move 324: up
       2        8       64      512 
       0        0        8       64 
       0        0        2       32 
       2        0        0        8 
Score 4812, Move 325: right
       2        8       64      512 
       2        0        8       64 
       0        0        2       32 
       0        0        2        8 
Score 4812, Move 326: right
       2        8       64      512 
       2        2        8       64 
       0        0        2       32 
       0        0        2        8 
Score 4812, Move 327: right
       2        8       64      512 
       0        4        8       64 
       0        0        2       32 
       0        2        2        8 
Score 4816, Move 328: up
       2        8       64      512 
       2        4        8       64 
       0        2        4       32 
       0        0        0        8 
Score 4820, Move 329: up
       4        8       64      512 
       0        4        8       64 
       2        2        4       32 
       0        0        0        8 
Score 4824, Move 330: up
       4        8       64      512 
       2        4        8       64 
       0        2        4       32 
       2        0        0        8 
Score 4824, Move 331: right
       4        8       64      512 
       2        4        8       64 
       0        2        4       32 
       2        0        2        8 
Score 4824, Move 332: right
       4        8       64      512 
       2        4        8       64 
       0        2        4       32 
       0        2        4        8 
Score 4828, Move 333: up
       4        8       64      512 
       2        4        8       64 
       0        4        8       32 
       0        2        0        8 
Score 4840, Move 334: up
       4        8       64      512 
       2        8       16       64 
       0        2        0       32 
       0        0        2        8 
Score 4864, Move 335: down
       0        0        0      512 
       2        0       64       64 
       4       16       16       32 
       2        2        2        8 
Score 4880, Move 336: right
       2        0        0      512 
       0        0        2      128 
       0        4       32       32 
       0        2        4        8 
Score 5044, Move 337: down
       0        0        0      512 
       0        2        2      128 
       0        4       32       32 
       2        2        4        8 
Score 5044, Move 338: right
       0        0        0      512 
       0        2        4      128 
       0        0        4       64 
       0        4        4        8 
Score 5116, Move 339: down
       2        0        0      512 
       0        0        0      128 
       0        2        4       64 
       0        4        8        8 
Score 5124, Move 340: down
       0        2        0      512 
       0        0        0      128 
       0        2        4       64 
       2        4        8        8 
Score 5124, Move 341: down
       0        0        0      512 
       0        2        0      128 
       0        4        4       64 
       2        4        8        8 
Score 5128, Move 342: down
       0        2        0      512 
       0        0        0      128 
       0        2        4       64 
       2        8        8        8 
Score 5136, Move 343: right
       0        0        2      512 
       0        0        2      128 
       0        2        4       64 
       0        2        8       16 
Score 5152, Move 344: down
       2        0        0      512 
       0        0        4      128 
       0        0        4       64 
       0        4        8       16 
Score 5160, Move 345: right
       0        0        2      512 
       2        0        4      128 
       0        0        4       64 
       0        4        8       16 
Score 5160, Move 346: right
       0        0        2      512 
       0        2        4      128 
       0        0        4       64 
       2        4        8       16 
Score 5160, Move 347: down
       0        0        0      512 
       2        0        2      128 
       0        2        8       64 
       2        4        8       16 
Score 5168, Move 348: right
       0        0        2      512 
       0        0        4      128 
       0        2        8       64 
       2        4        8       16 
Score 5172, Move 349: down
       0        0        0      512 
       0        0        2      128 
       2        2        4       64 
       2        4       16       16 
Score 5188, Move 350: down
       2        0        0      512 
       0        0        2      128 
       0        2        4       64 
       4        4       16       16 
Score 5192, Move 351: down
       0        0        0      512 
       0        2        2      128 
       2        2        4       64 
       4        4       16       16 
Score 5192, Move 352: down
       0        0        2      512 
       0        0        2      128 
       2        4        4       64 
       4        4       16       16 
Score 5196, Move 353: down
       0        0        0      512 
       2        0        4      128 
       2        0        4       64 
       4        8       16       16 
Score 5208, Move 354: right
       0        0        2      512 
       0        2        4      128 
       0        2        4       64 
       0        4        8       32 
Score 5240, Move 355: down
       0        0        0      512 
       0        0        2      128 
       0        4        8       64 
       2        4        8       32 
Score 5252, Move 356: down
       0        2        0      512 
       0        0        0      128 
       0        0        2       64 
       2        8       16       32 
Score 5276, Move 357: down
       0        0        0      512 
       2        0        0      128 
       0        2        2       64 
       2        8       16       32 
Score 5276, Move 358: down
       2        0        0      512 
       0        0        0      128 
       0        2        2       64 
       4        8       16       32 
Score 5280, Move 359: down
       0        2        0      512 
       0        0        0      128 
       2        2        2       64 
       4        8       16       32 
Score 5280, Move 360: down
       0        2        0      512 
       0        0        0      128 
       2        4        2       64 
       4        8       16       32 
Score 5284, Move 361: down
       2        0        0      512 
       0        2        0      128 
       2        4        2       64 
       4        8       16       32 
Score 5284, Move 362: down
       0        0        0      512 
       0        2        2      128 
       4        4        2       64 
       4        8       16       32 
Score 5288, Move 363: right
       0        0        0      512 
       2        0        4      128 
       0        8        2       64 
       4        8       16       32 
Score 5300, Move 364: down
       0        0        4      512 
       0        0        4      128 
       2        0        2       64 
       4       16       16       32 
Score 5316, Move 365: right
       0        2        4      512 
       0        0        4      128 
       0        0        4       64 
       0        4       32       32 
Score 5352, Move 366: down
       0        0        0      512 
       0        2        4      128 
       0        2        8       64 
       0        4       32       32 
Score 5360, Move 367: right
       2        0        0      512 
       0        2        4      128 
       0        2        8       64 
       0        0        4       64 
Score 5424, Move 368: up
       2        4        4      512 
       0        2        8      128 
       0        0        4      128 
       0        0        0        0 
Score 5556, Move 369: up
       2        4        4      512 
       0        2        8      256 
       0        0        4        0 
       0        0        0        2 
Score 5812, Move 370: right
       0        2        8      512 
       0        2        8      256 
       0        2        0        4 
       0        0        0        2 
Score 5820, Move 371: right
       2        2        8      512 
       0        2        8      256 
       0        0        2        4 
       0        0        0        2 
Score 5820, Move 372: right
       0        4        8      512 
       0        2        8      256 
       0        0        2        4 
       0        0        2        2 
Score 5824, Move 373: up
       2        4       16      512 
       0        2        4      256 
       0        0        0        4 
       0        0        0        2 
Score 5844, Move 374: down
       0        0        2      512 
       0        0        0      256 
       0        4       16        4 
       2        2        4        2 
Score 5844, Move 375: down
       0        0        2      512 
       0        0        2      256 
       0        4       16        4 
       2        2        4        2 
Score 5844, Move 376: up
       2        4        4      512 
       0        2       16      256 
       0        2        4        4 
       0        0        0        2 
Score 5848, Move 377: right
       0        2        8      512 
       0        2       16      256 
       0        0        2        8 
       4        0        0        2 
Score 5864, Move 378: up
       4        4        8      512 
       0        0       16      256 
       0        2        2        8 
       0        0        0        2 
Score 5868, Move 379: up
       4        4        8      512 
       0        2       16      256 
       0        0        2        8 
       2        0        0        2 
Score 5868, Move 380: up
       4        4        8      512 
       2        2       16      256 
       0        2        2        8 
       0        0        0        2 
Score 5868, Move 381: up
       4        4        8      512 
       2        4       16      256 
       2        0        2        8 
       0        0        0        2 
Score 5872, Move 382: right
       4        8        8      512 
       2        4       16      256 
       0        0        4        8 
       0        0        0        2 
Score 5884, Move 383: right
       0        4       16      512 
       2        4       16      256 
       0        0        4        8 
       2        0        0        2 
Score 5900, Move 384: right
       0        4       16      512 
       2        4       16      256 
       0        0        4        8 
       2        0        0        4 
Score 5904, Move 385: right
       0        4       16      512 
       2        4       16      256 
       4        0        4        8 
       0        0        2        4 
Score 5904, Move 386: right
       0        4       16      512 
       2        4       16      256 
       0        0        8        8 
       0        2        2        4 
Score 5912, Move 387: up
       2        8       32      512 
       2        2        8      256 
       0        0        2        8 
       0        0        0        4 
Score 5952, Move 388: right
       2        8       32      512 
       0        4        8      256 
       0        0        2        8 
       2        0        0        4 
Score 5956, Move 389: right
       2        8       32      512 
       0        4        8      256 
       0        0        2        8 
       2        0        2        4 
Score 5956, Move 390: right
       2        8       32      512 
       0        4        8      256 
       2        0        2        8 
       0        0        4        4 
Score 5960, Move 391: up
       4        8       32      512 
       0        4        8      256 
       0        0        2        8 
       0        2        4        4 
Score 5964, Move 392: up
       4        8       32      512 
       2        4        8      256 
       0        2        2        8 
       0        0        4        4 
Score 5964, Move 393: right
       4        8       32      512 
       2        4        8      256 
       2        0        4        8 
       0        0        0        8 
Score 5976, Move 394: right
       4        8       32      512 
       2        4        8      256 
       0        2        4        8 
       2        0        0        8 
Score 5976, Move 395: right
       4        8       32      512 
       2        4        8      256 
       0        2        4        8 
       2        0        2        8 
Score 5976, Move 396: left
       4        8       32      512 
       2        4        8      256 
       2        4        8        0 
       4        8        0        2 
Score 5980, Move 397: left
       4        8       32      512 
       2        4        8      256 
       2        4        8        2 
       4        8        2        0 
Score 5980, Move 398: up
       4        8       32      512 
       4        8       16      256 
       4        8        2        2 
       2        0        0        0 
Score 6008, Move 399: left
       4        8       32      512 
       4        8       16      256 
       4        8        4        2 
       2        0        0        0 
Score 6012, Move 400: right
       4        8       32      512 
       4        8       16      256 
       4        8        4        2 
       0        2        0        2 
Score 6012, Move 401: right
       4        8       32      512 
       4        8       16      256 
       4        8        4        2 
       2        0        0        4 
Score 6016, Move 402: left
       4        8       32      512 
       4        8       16      256 
       4        8        4        2 
       2        4        0        2 
Score 6016, Move 403: up
       8       16       32      512 
       4        8       16      256 
       2        4        4        4 
       0        2        0        0 
Score 6044, Move 404: left
       8       16       32      512 
       4        8       16      256 
       2        8        4        2 
       2        0        0        0 
Score 6052, Move 405: right
       8       16       32      512 
       4        8       16      256 
       2        8        4        2 
       2        0        0        2 
Score 6052, Move 406: right
       8       16       32      512 
       4        8       16      256 
       2        8        4        2 
       0        0        2        4 
Score 6056, Move 407: left
       8       16       32      512 
       4        8       16      256 
       2        8        4        2 
       2        4        0        2 
Score 6056, Move 408: right
       8       16       32      512 
       4        8       16      256 
       2        8        4        2 
       2        2        4        2 
Score 6056, Move 409: right
       8       16       32      512 
       4        8       16      256 
       2        8        4        2 
       4        4        4        2 
Score 6060, Move 410: left
       8       16       32      512 
       4        8       16      256 
       2        8        4        2 
       8        4        2        2 
Score 6068, Move 411: left
       8       16       32      512 
       4        8       16      256 
       2        8        4        2 
       8        4        4        2 
Score 6072, Move 412: up
       8       16       32      512 
       4       16       16      256 
       2        4        8        4 
       8        0        2        0 
Score 6100, Move 413: right
       8       16       32      512 
       2        4       32      256 
       2        4        8        4 
       0        0        8        2 
Score 6132, Move 414: up
       8       16       64      512 
       4        8       16      256 
       0        0        0        4 
       0        0        4        2 
Score 6224, Move 415: up
       8       16       64      512 
       4        8       16      256 
       0        2        4        4 
       0        0        0        2 
Score 6224, Move 416: left
       8       16       64      512 
       4        8       16      256 
       2        8        2        0 
       2        0        0        0 
Score 6232, Move 417: right
       8       16       64      512 
       4        8       16      256 
       0        2        8        2 
       0        2        0        2 
Score 6232, Move 418: left
       8       16       64      512 
       4        8       16      256 
       2        8        2        0 
       4        0        2        0 
Score 6236, Move 419: right
       8       16       64      512 
       4        8       16      256 
       2        2        8        2 
       0        0        4        2 
Score 6236, Move 420: up
       8       16       64      512 
       4        8       16      256 
       2        2        8        4 
       0        0        4        4 
Score 6240, Move 421: up
       8       16       64      512 
       4        8       16      256 
       2        2        8        8 
       2        0        4        0 
Score 6248, Move 422: left
       8       16       64      512 
       4        8       16      256 
       4       16        0        0 
       2        4        0        2 
Score 6268, Move 423: right
       8       16       64      512 
       4        8       16      256 
       0        2        4       16 
       0        2        4        2 
Score 6268, Move 424: up
       8       16       64      512 
       4        8       16      256 
       0        4        8       16 
       0        2        0        2 
Score 6280, Move 425: right
       8       16       64      512 
       4        8       16      256 
       0        4        8       16 
       2        0        0        4 
Score 6284, Move 426: left
       8       16       64      512 
       4        8       16      256 
       4        8       16        0 
       2        4        0        2 
Score 6284, Move 427: left
       8       16       64      512 
       4        8       16      256 
       4        8       16        2 
       2        4        2        0 
Score 6284, Move 428: right
       8       16       64      512 
       4        8       16      256 
       4        8       16        2 
       2        2        4        2 
Score 6284, Move 429: right
       8       16       64      512 
       4        8       16      256 
       4        8       16        2 
       2        4        4        2 
Score 6288, Move 430: up
       8       16       64      512 
       8       16       32      256 
       2        4        4        4 
       0        0        2        0 
Score 6348, Move 431: right
       8       16       64      512 
       8       16       32      256 
       0        2        4        8 
       2        0        0        2 
Score 6356, Move 432: right
       8       16       64      512 
       8       16       32      256 
       2        2        4        8 
       0        0        0        4 
Score 6360, Move 433: right
       8       16       64      512 
       8       16       32      256 
       0        4        4        8 
       0        0        2        4 
Score 6364, Move 434: left
       8       16       64      512 
       8       16       32      256 
       8        8        0        0 
       2        4        2        0 
Score 6372, Move 435: left
       8       16       64      512 
       8       16       32      256 
      16        0        2        0 
       2        4        2        0 
Score 6388, Move 436: up
      16       32       64      512 
      16        4       32      256 
       2        0        4        0 
       0        0        2        0 
Score 6440, Move 437: right
